<?xml version="1.0" encoding="UTF-8"?>
<testng-results ignored="0" total="1" passed="1" failed="0" skipped="0">
  <reporter-output>
  </reporter-output>
  <suite started-at="2023-05-21T16:40:54 IST" name="Default suite" finished-at="2023-05-21T16:40:54 IST" duration-ms="155">
    <groups>
    </groups>
    <test started-at="2023-05-21T16:40:54 IST" name="Default test" finished-at="2023-05-21T16:40:54 IST" duration-ms="155">
      <class name="MevenDemo.PracticeMevenTest">
        <test-method signature="practice()[pri:0, instance:MevenDemo.PracticeMevenTest@48ae9b55]" started-at="2023-05-21T16:40:54 IST" name="practice" finished-at="2023-05-21T16:40:54 IST" duration-ms="40" status="PASS">
          <reporter-output>
          </reporter-output>
        </test-method> <!-- practice -->
      </class> <!-- MevenDemo.PracticeMevenTest -->
    </test> <!-- Default test -->
  </suite> <!-- Default suite -->
</testng-results>
