<?xml version="1.0" encoding="UTF-8"?>
<testng-results ignored="0" total="1" passed="1" failed="0" skipped="0">
  <reporter-output>
  </reporter-output>
  <suite started-at="2023-05-22T16:03:17 IST" name="Default suite" finished-at="2023-05-22T16:03:17 IST" duration-ms="101">
    <groups>
    </groups>
    <test started-at="2023-05-22T16:03:17 IST" name="Default test" finished-at="2023-05-22T16:03:17 IST" duration-ms="101">
      <class name="MevenDemo.Sample">
        <test-method signature="SampleDemo()[pri:0, instance:MevenDemo.Sample@48ae9b55]" started-at="2023-05-22T16:03:17 IST" name="SampleDemo" finished-at="2023-05-22T16:03:17 IST" duration-ms="25" status="PASS">
          <reporter-output>
          </reporter-output>
        </test-method> <!-- SampleDemo -->
      </class> <!-- MevenDemo.Sample -->
    </test> <!-- Default test -->
  </suite> <!-- Default suite -->
</testng-results>
